-------------------------------------------------------------------------------
Test set: home.yandex.newcalculator.YandexCalculatorNewTest
-------------------------------------------------------------------------------
Tests run: 3, Failures: 1, Errors: 0, Skipped: 0, Time elapsed: 9.993 sec <<< FAILURE! - in home.yandex.newcalculator.YandexCalculatorNewTest
test2  Time elapsed: 0.496 sec  <<< FAILURE!
java.lang.AssertionError: 
Не работает функция COS
Expected: "0,99962421685"
     but: was "0"
	at home.yandex.newcalculator.YandexCalculatorNewTest.test2(YandexCalculatorNewTest.java:71)

